\BOOKMARK [0][-]{chapter*.1}{\376\377\000E\000i\000d\000e\000s\000s\000t\000a\000t\000t\000l\000i\000c\000h\000e\000\040\000E\000r\000k\000l\000\344\000r\000u\000n\000g}{}% 1
\BOOKMARK [0][-]{chapter*.2}{\376\377\000S\000p\000e\000r\000r\000v\000e\000r\000m\000e\000r\000k}{}% 2
\BOOKMARK [0][-]{chapter*.3}{\376\377\000G\000e\000n\000d\000e\000r\000\040\000H\000i\000n\000w\000e\000i\000s}{}% 3
\BOOKMARK [0][-]{chapter*.4}{\376\377\000K\000u\000r\000z\000f\000a\000s\000s\000u\000n\000g}{}% 4
\BOOKMARK [0][-]{chapter*.5}{\376\377\000A\000b\000s\000t\000r\000a\000c\000t}{}% 5
\BOOKMARK [0][-]{chapter*.5}{\376\377\000A\000b\000b\000i\000l\000d\000u\000n\000g\000s\000v\000e\000r\000z\000e\000i\000c\000h\000n\000i\000s}{}% 6
\BOOKMARK [0][-]{chapter*.6}{\376\377\000T\000a\000b\000e\000l\000l\000e\000n\000v\000e\000r\000z\000e\000i\000c\000h\000n\000i\000s}{}% 7
\BOOKMARK [0][-]{chapter*.8}{\376\377\000A\000b\000k\000\374\000r\000z\000u\000n\000g\000s\000v\000e\000r\000z\000e\000i\000c\000h\000n\000i\000s}{}% 8
\BOOKMARK [0][-]{chapter*.10}{\376\377\000G\000l\000o\000s\000s\000a\000r}{}% 9
\BOOKMARK [0][-]{chapter.1}{\376\377\000E\000i\000n\000l\000e\000i\000t\000u\000n\000g}{}% 10
\BOOKMARK [1][-]{section.1.1}{\376\377\000H\000i\000n\000t\000e\000r\000g\000r\000u\000n\000d\000\040\000u\000n\000d\000\040\000M\000o\000t\000i\000v\000a\000t\000i\000o\000n}{chapter.1}% 11
\BOOKMARK [2][-]{subsection.1.1.1}{\376\377\000B\000e\000d\000e\000u\000t\000u\000n\000g\000\040\000d\000e\000s\000\040\000D\000e\000s\000i\000g\000n\000\040\000T\000h\000i\000n\000k\000i\000n\000g\000-\000P\000r\000o\000z\000e\000s\000s\000e\000s\000\040\000f\000\374\000r\000\040\000S\000t\000a\000r\000t\000u\000p\000s}{section.1.1}% 12
\BOOKMARK [2][-]{subsection.1.1.2}{\376\377\000H\000e\000r\000a\000u\000s\000f\000o\000r\000d\000e\000r\000u\000n\000g\000e\000n\000\040\000b\000e\000i\000\040\000d\000e\000r\000\040\000S\000e\000l\000b\000s\000t\000e\000v\000a\000l\000u\000a\000t\000i\000o\000n\000\040\000d\000e\000s\000\040\000S\000t\000a\000r\000t\000u\000p\000-\000F\000o\000r\000t\000s\000c\000h\000r\000i\000t\000t\000s}{section.1.1}% 13
\BOOKMARK [2][-]{subsection.1.1.3}{\376\377\000R\000e\000l\000e\000v\000a\000n\000z\000\040\000e\000i\000n\000e\000s\000\040\000s\000t\000r\000u\000k\000t\000u\000r\000i\000e\000r\000t\000e\000n\000\040\000R\000e\000i\000f\000e\000g\000r\000a\000d\000m\000o\000d\000e\000l\000l\000s}{section.1.1}% 14
\BOOKMARK [1][-]{section.1.2}{\376\377\000P\000r\000o\000b\000l\000e\000m\000s\000t\000e\000l\000l\000u\000n\000g\000\040\000u\000n\000d\000\040\000Z\000i\000e\000l\000s\000e\000t\000z\000u\000n\000g}{chapter.1}% 15
\BOOKMARK [2][-]{subsection.1.2.1}{\376\377\000F\000e\000h\000l\000e\000n\000d\000e\000\040\000s\000t\000a\000n\000d\000a\000r\000d\000i\000s\000i\000e\000r\000t\000e\000\040\000M\000e\000t\000h\000o\000d\000e\000\040\000z\000u\000r\000\040\000S\000t\000a\000r\000t\000u\000p\000-\000S\000e\000l\000b\000s\000t\000e\000i\000n\000s\000c\000h\000\344\000t\000z\000u\000n\000g}{section.1.2}% 16
\BOOKMARK [2][-]{subsection.1.2.2}{\376\377\000Z\000i\000e\000l\000:\000\040\000E\000n\000t\000w\000i\000c\000k\000l\000u\000n\000g\000\040\000e\000i\000n\000e\000s\000\040\000a\000d\000a\000p\000t\000i\000v\000e\000n\000\040\000F\000r\000a\000g\000e\000b\000o\000g\000e\000n\000s\000\040\000z\000u\000r\000\040\000E\000v\000a\000l\000u\000a\000t\000i\000o\000n\000\040\000d\000e\000s\000\040\000D\000e\000s\000i\000g\000n\000\040\000T\000h\000i\000n\000k\000i\000n\000g\000-\000P\000r\000o\000z\000e\000s\000s\000e\000s\000\040\000e\000i\000n\000e\000s\000\040\000S\000t\000a\000r\000t\000u\000p\000s}{section.1.2}% 17
\BOOKMARK [1][-]{section.1.3}{\376\377\000F\000o\000r\000s\000c\000h\000u\000n\000g\000s\000f\000r\000a\000g\000e\000n}{chapter.1}% 18
\BOOKMARK [2][-]{subsection.1.3.1}{\376\377\000W\000i\000e\000\040\000k\000a\000n\000n\000\040\000e\000i\000n\000\040\000d\000y\000n\000a\000m\000i\000s\000c\000h\000e\000r\000\040\000F\000r\000a\000g\000e\000b\000o\000g\000e\000n\000\040\000e\000n\000t\000w\000i\000c\000k\000e\000l\000t\000\040\000w\000e\000r\000d\000e\000n\000,\000\040\000d\000e\000r\000\040\000s\000i\000c\000h\000\040\000a\000n\000\040\000d\000e\000n\000\040\000A\000n\000t\000w\000o\000r\000t\000e\000n\000\040\000d\000e\000r\000\040\000N\000u\000t\000z\000e\000r\000\040\000o\000r\000i\000e\000n\000t\000i\000e\000r\000t\000?}{section.1.3}% 19
\BOOKMARK [2][-]{subsection.1.3.2}{\376\377\000W\000e\000l\000c\000h\000e\000\040\000M\000e\000t\000r\000i\000k\000e\000n\000\040\000s\000i\000n\000d\000\040\000g\000e\000e\000i\000g\000n\000e\000t\000,\000\040\000u\000m\000\040\000d\000e\000n\000\040\000F\000o\000r\000t\000s\000c\000h\000r\000i\000t\000t\000\040\000e\000i\000n\000e\000s\000\040\000S\000t\000a\000r\000t\000u\000p\000s\000\040\000i\000m\000\040\000D\000e\000s\000i\000g\000n\000\040\000T\000h\000i\000n\000k\000i\000n\000g\000-\000P\000r\000o\000z\000e\000s\000s\000\040\000z\000u\000\040\000m\000e\000s\000s\000e\000n\000?}{section.1.3}% 20
\BOOKMARK [1][-]{section.1.4}{\376\377\000A\000u\000f\000b\000a\000u\000\040\000d\000e\000r\000\040\000A\000r\000b\000e\000i\000t}{chapter.1}% 21
\BOOKMARK [2][-]{subsection.1.4.1}{\376\377\000\334\000b\000e\000r\000b\000l\000i\000c\000k\000\040\000\374\000b\000e\000r\000\040\000d\000i\000e\000\040\000K\000a\000p\000i\000t\000e\000l\000s\000t\000r\000u\000k\000t\000u\000r}{section.1.4}% 22
\BOOKMARK [0][-]{chapter.2}{\376\377\000T\000h\000e\000o\000r\000e\000t\000i\000s\000c\000h\000e\000\040\000G\000r\000u\000n\000d\000l\000a\000g\000e\000n}{}% 23
\BOOKMARK [1][-]{section.2.1}{\376\377\000G\000r\000u\000n\000d\000l\000a\000g\000e\000n\000\040\000d\000e\000s\000\040\000D\000e\000s\000i\000g\000n\000\040\000T\000h\000i\000n\000k\000i\000n\000g\000-\000P\000r\000o\000z\000e\000s\000s\000e\000s}{chapter.2}% 24
\BOOKMARK [2][-]{subsection.2.1.1}{\376\377\000D\000e\000f\000i\000n\000i\000t\000i\000o\000n\000\040\000u\000n\000d\000\040\000P\000h\000a\000s\000e\000n\000\040\000d\000e\000s\000\040\000D\000e\000s\000i\000g\000n\000\040\000T\000h\000i\000n\000k\000i\000n\000g}{section.2.1}% 25
\BOOKMARK [2][-]{subsection.2.1.2}{\376\377\000U\000n\000t\000e\000r\000s\000c\000h\000i\000e\000d\000e\000\040\000z\000u\000\040\000a\000n\000d\000e\000r\000e\000n\000\040\000I\000n\000n\000o\000v\000a\000t\000i\000o\000n\000s\000m\000e\000t\000h\000o\000d\000e\000n}{section.2.1}% 26
\BOOKMARK [3][-]{subsubsection.2.1.2.1}{\376\377\000L\000e\000a\000n\000\040\000S\000t\000a\000r\000t\000u\000p}{subsection.2.1.2}% 27
\BOOKMARK [3][-]{subsubsection.2.1.2.2}{\376\377\000W\000e\000i\000t\000e\000r\000e\000\040\000M\000e\000t\000h\000o\000d\000e\000n}{subsection.2.1.2}% 28
\BOOKMARK [1][-]{section.2.2}{\376\377\000R\000e\000i\000f\000e\000g\000r\000a\000d\000m\000o\000d\000e\000l\000l\000e\000\040\000i\000n\000\040\000d\000e\000r\000\040\000S\000t\000a\000r\000t\000u\000p\000-\000F\000o\000r\000s\000c\000h\000u\000n\000g}{chapter.2}% 29
\BOOKMARK [2][-]{subsection.2.2.1}{\376\377\000B\000e\000s\000t\000e\000h\000e\000n\000d\000e\000\040\000R\000e\000i\000f\000e\000g\000r\000a\000d\000m\000o\000d\000e\000l\000l\000e}{section.2.2}% 30
\BOOKMARK [3][-]{subsubsection.2.2.1.1}{\376\377\000S\000c\000h\000w\000\344\000c\000h\000e\000n\000\040\000d\000i\000e\000s\000e\000r\000\040\000M\000o\000d\000e\000l\000l\000e}{subsection.2.2.1}% 31
\BOOKMARK [2][-]{subsection.2.2.2}{\376\377\000A\000n\000f\000o\000r\000d\000e\000r\000u\000n\000g\000e\000n\000\040\000a\000n\000\040\000e\000i\000n\000\040\000p\000r\000a\000x\000i\000s\000t\000a\000u\000g\000l\000i\000c\000h\000e\000s\000\040\000R\000e\000i\000f\000e\000g\000r\000a\000d\000m\000o\000d\000e\000l\000l\000\040\000f\000\374\000r\000\040\000S\000t\000a\000r\000t\000u\000p\000s}{section.2.2}% 32
\BOOKMARK [1][-]{section.2.3}{\376\377\000F\000r\000a\000g\000e\000b\000\366\000g\000e\000n\000\040\000z\000u\000r\000\040\000S\000e\000l\000b\000s\000t\000e\000i\000n\000s\000c\000h\000\344\000t\000z\000u\000n\000g}{chapter.2}% 33
\BOOKMARK [2][-]{subsection.2.3.1}{\376\377\000G\000r\000u\000n\000d\000l\000a\000g\000e\000n\000\040\000z\000u\000\040\000F\000r\000a\000g\000e\000b\000\366\000g\000e\000n\000\040\000m\000i\000t\000\040\000S\000e\000l\000b\000s\000t\000k\000o\000n\000t\000r\000o\000l\000l\000e}{section.2.3}% 34
\BOOKMARK [3][-]{subsubsection.2.3.1.1}{\376\377\000K\000o\000m\000b\000i\000n\000a\000t\000i\000o\000n\000\040\000a\000u\000s\000\040\000q\000u\000a\000l\000i\000t\000a\000t\000i\000v\000e\000n\000\040\000u\000n\000d\000\040\000q\000u\000a\000n\000t\000i\000t\000a\000t\000i\000v\000e\000n\000\040\000F\000r\000a\000g\000e\000n}{subsection.2.3.1}% 35
\BOOKMARK [2][-]{subsection.2.3.2}{\376\377\000A\000d\000a\000p\000t\000i\000v\000e\000\040\000F\000r\000a\000g\000e\000b\000o\000g\000e\000n\000-\000S\000y\000s\000t\000e\000m\000e\000:\000\040\000D\000y\000n\000a\000m\000i\000s\000c\000h\000e\000\040\000A\000n\000p\000a\000s\000s\000u\000n\000g\000\040\000d\000e\000r\000\040\000F\000r\000a\000g\000e\000n}{section.2.3}% 36
\BOOKMARK [3][-]{subsubsection.2.3.2.1}{\376\377\000G\000e\000z\000i\000e\000l\000t\000e\000\040\000R\000\374\000c\000k\000f\000r\000a\000g\000e\000n}{subsection.2.3.2}% 37
\BOOKMARK [2][-]{subsection.2.3.3}{\376\377\000D\000e\000f\000i\000n\000i\000t\000i\000o\000n\000\040\000v\000o\000n\000\040\000M\000e\000t\000r\000i\000k\000e\000n\000\040\000z\000u\000r\000\040\000S\000t\000a\000r\000t\000u\000p\000-\000E\000v\000a\000l\000u\000a\000t\000i\000o\000n}{section.2.3}% 38
\BOOKMARK [0][-]{chapter.3}{\376\377\000S\000t\000a\000n\000d\000\040\000d\000e\000r\000\040\000F\000o\000r\000s\000c\000h\000u\000n\000g}{}% 39
\BOOKMARK [0][-]{chapter.4}{\376\377\000M\000e\000t\000h\000o\000d\000i\000k}{}% 40
\BOOKMARK [1][-]{section.4.1}{\376\377\000E\000x\000p\000e\000r\000t\000e\000n\000i\000n\000t\000e\000r\000v\000i\000e\000w\000s\000\040\000z\000u\000r\000\040\000I\000d\000e\000n\000t\000i\000f\000i\000k\000a\000t\000i\000o\000n\000\040\000v\000o\000n\000\040\000S\000e\000l\000b\000s\000t\000\374\000b\000e\000r\000s\000c\000h\000\344\000t\000z\000u\000n\000g}{chapter.4}% 41
\BOOKMARK [1][-]{section.4.2}{\376\377\000E\000n\000t\000w\000i\000c\000k\000l\000u\000n\000g\000\040\000e\000i\000n\000e\000s\000\040\000F\000r\000a\000g\000e\000b\000o\000g\000e\000n\000s\000\040\000m\000i\000t\000\040\000u\000n\000d\000\040\000o\000h\000n\000e\000\040\000a\000d\000a\000p\000t\000i\000v\000e\000\040\000N\000a\000c\000h\000f\000r\000a\000g\000e\000n}{chapter.4}% 42
\BOOKMARK [1][-]{section.4.3}{\376\377\000E\000v\000a\000l\000u\000a\000t\000i\000o\000n\000\040\000d\000u\000r\000c\000h\000\040\000B\000e\000f\000r\000a\000g\000u\000n\000g\000s\000r\000u\000n\000d\000e\000n\000\040\000m\000i\000t\000\040\000S\000t\000a\000r\000t\000u\000p\000s}{chapter.4}% 43
\BOOKMARK [0][-]{chapter.5}{\376\377\000E\000n\000t\000w\000i\000c\000k\000l\000u\000n\000g\000\040\000d\000e\000s\000\040\000F\000r\000a\000g\000e\000b\000o\000g\000e\000n\000s}{}% 44
\BOOKMARK [1][-]{section.5.1}{\376\377\000A\000n\000f\000o\000r\000d\000e\000r\000u\000n\000g\000e\000n\000\040\000a\000n\000\040\000d\000e\000n\000\040\000F\000r\000a\000g\000e\000b\000o\000g\000e\000n}{chapter.5}% 45
\BOOKMARK [2][-]{subsection.5.1.1}{\376\377\000S\000t\000r\000u\000k\000t\000u\000r\000i\000e\000r\000t\000e\000\040\000E\000r\000f\000a\000s\000s\000u\000n\000g\000\040\000d\000e\000s\000\040\000D\000e\000s\000i\000g\000n\000\040\000T\000h\000i\000n\000k\000i\000n\000g\000-\000F\000o\000r\000t\000s\000c\000h\000r\000i\000t\000t\000s}{section.5.1}% 46
\BOOKMARK [2][-]{subsection.5.1.2}{\376\377\000K\000r\000i\000t\000e\000r\000i\000e\000n\000\040\000f\000\374\000r\000\040\000d\000i\000e\000\040\000F\000o\000r\000m\000u\000l\000i\000e\000r\000u\000n\000g\000\040\000v\000o\000n\000\040\000F\000r\000a\000g\000e\000n\000\040\000u\000n\000d\000\040\000A\000n\000t\000w\000o\000r\000t\000o\000p\000t\000i\000o\000n\000e\000n}{section.5.1}% 47
\BOOKMARK [1][-]{section.5.2}{\376\377\000D\000y\000n\000a\000m\000i\000s\000c\000h\000e\000\040\000A\000n\000p\000a\000s\000s\000u\000n\000g\000\040\000d\000e\000r\000\040\000F\000r\000a\000g\000e\000n}{chapter.5}% 48
\BOOKMARK [2][-]{subsection.5.2.1}{\376\377\000K\000o\000n\000z\000e\000p\000t\000\040\000e\000i\000n\000e\000s\000\040\000a\000d\000a\000p\000t\000i\000v\000e\000n\000\040\000F\000r\000a\000g\000e\000b\000o\000g\000e\000n\000s}{section.5.2}% 49
\BOOKMARK [2][-]{subsection.5.2.2}{\376\377\000D\000e\000f\000i\000n\000i\000t\000i\000o\000n\000\040\000v\000o\000n\000\040\000R\000e\000g\000e\000l\000n\000\040\000f\000\374\000r\000\040\000F\000o\000l\000g\000e\000f\000r\000a\000g\000e\000n\000\040\000u\000n\000d\000\040\000F\000e\000e\000d\000b\000a\000c\000k\000-\000M\000e\000c\000h\000a\000n\000i\000s\000m\000e\000n}{section.5.2}% 50
\BOOKMARK [1][-]{section.5.3}{\376\377\000T\000e\000c\000h\000n\000i\000s\000c\000h\000e\000\040\000U\000m\000s\000e\000t\000z\000u\000n\000g\000\040\000a\000l\000s\000\040\000W\000e\000b\000-\000T\000o\000o\000l}{chapter.5}% 51
\BOOKMARK [2][-]{subsection.5.3.1}{\376\377\000A\000r\000c\000h\000i\000t\000e\000k\000t\000u\000r\000\040\000d\000e\000s\000\040\000w\000e\000b\000b\000a\000s\000i\000e\000r\000t\000e\000n\000\040\000F\000r\000a\000g\000e\000b\000o\000g\000e\000n\000s}{section.5.3}% 52
\BOOKMARK [2][-]{subsection.5.3.2}{\376\377\000T\000e\000c\000h\000n\000o\000l\000o\000g\000i\000e\000n\000\040\000u\000n\000d\000\040\000F\000r\000a\000m\000e\000w\000o\000r\000k\000s\000\040\000f\000\374\000r\000\040\000d\000i\000e\000\040\000E\000n\000t\000w\000i\000c\000k\000l\000u\000n\000g}{section.5.3}% 53
\BOOKMARK [0][-]{chapter.6}{\376\377\000E\000v\000a\000l\000u\000a\000t\000i\000o\000n\000\040\000u\000n\000d\000\040\000A\000n\000a\000l\000y\000s\000e}{}% 54
\BOOKMARK [1][-]{section.6.1}{\376\377\000T\000e\000s\000t\000p\000h\000a\000s\000e\000\040\000m\000i\000t\000\040\000S\000t\000a\000r\000t\000u\000p\000s}{chapter.6}% 55
\BOOKMARK [2][-]{subsection.6.1.1}{\376\377\000D\000u\000r\000c\000h\000f\000\374\000h\000r\000u\000n\000g\000\040\000d\000e\000s\000\040\000F\000r\000a\000g\000e\000b\000o\000g\000e\000n\000s\000\040\000m\000i\000t\000\040\000S\000t\000a\000r\000t\000u\000p\000-\000T\000e\000a\000m\000s}{section.6.1}% 56
\BOOKMARK [2][-]{subsection.6.1.2}{\376\377\000D\000a\000t\000e\000n\000e\000r\000h\000e\000b\000u\000n\000g}{section.6.1}% 57
\BOOKMARK [1][-]{section.6.2}{\376\377\000A\000u\000s\000w\000e\000r\000t\000u\000n\000g\000\040\000d\000e\000r\000\040\000E\000r\000g\000e\000b\000n\000i\000s\000s\000e}{chapter.6}% 58
\BOOKMARK [2][-]{subsection.6.2.1}{\376\377\000A\000n\000a\000l\000y\000s\000e\000\040\000d\000e\000r\000\040\000e\000r\000f\000a\000s\000s\000t\000e\000n\000\040\000D\000a\000t\000e\000n}{section.6.2}% 59
\BOOKMARK [1][-]{section.6.3}{\376\377\000V\000e\000r\000g\000l\000e\000i\000c\000h\000\040\000m\000i\000t\000\040\000b\000e\000s\000t\000e\000h\000e\000n\000d\000e\000n\000\040\000M\000e\000t\000h\000o\000d\000e\000n}{chapter.6}% 60
\BOOKMARK [2][-]{subsection.6.3.1}{\376\377\000D\000i\000s\000k\000u\000s\000s\000i\000o\000n\000\040\000d\000e\000r\000\040\000V\000o\000r\000t\000e\000i\000l\000e\000\040\000d\000e\000s\000\040\000e\000n\000t\000w\000i\000c\000k\000e\000l\000t\000e\000n\000\040\000M\000o\000d\000e\000l\000l\000s\000\040\000i\000m\000\040\000V\000e\000r\000g\000l\000e\000i\000c\000h\000\040\000z\000u\000\040\000b\000e\000s\000t\000e\000h\000e\000n\000d\000e\000n\000\040\000A\000n\000s\000\344\000t\000z\000e\000n}{section.6.3}% 61
\BOOKMARK [0][-]{chapter.7}{\376\377\000F\000a\000z\000i\000t\000\040\000u\000n\000d\000\040\000A\000u\000s\000b\000l\000i\000c\000k}{}% 62
\BOOKMARK [1][-]{section.7.1}{\376\377\000Z\000u\000s\000a\000m\000m\000e\000n\000f\000a\000s\000s\000u\000n\000g\000\040\000d\000e\000r\000\040\000E\000r\000k\000e\000n\000n\000t\000n\000i\000s\000s\000e}{chapter.7}% 63
\BOOKMARK [2][-]{subsection.7.1.1}{\376\377\000B\000e\000d\000e\000u\000t\000u\000n\000g\000\040\000a\000d\000a\000p\000t\000i\000v\000e\000r\000\040\000F\000r\000a\000g\000e\000b\000\366\000g\000e\000n\000\040\000f\000\374\000r\000\040\000S\000t\000a\000r\000t\000u\000p\000-\000S\000e\000l\000b\000s\000t\000e\000i\000n\000s\000c\000h\000\344\000t\000z\000u\000n\000g\000e\000n}{section.7.1}% 64
\BOOKMARK [2][-]{subsection.7.1.2}{\376\377\000P\000o\000t\000e\000n\000z\000i\000a\000l\000\040\000v\000o\000n\000\040\000R\000e\000i\000f\000e\000g\000r\000a\000d\000m\000o\000d\000e\000l\000l\000e\000n\000\040\000i\000m\000\040\000D\000e\000s\000i\000g\000n\000\040\000T\000h\000i\000n\000k\000i\000n\000g\000-\000K\000o\000n\000t\000e\000x\000t}{section.7.1}% 65
\BOOKMARK [1][-]{section.7.2}{\376\377\000L\000i\000m\000i\000t\000a\000t\000i\000o\000n\000e\000n\000\040\000d\000e\000r\000\040\000A\000r\000b\000e\000i\000t}{chapter.7}% 66
\BOOKMARK [2][-]{subsection.7.2.1}{\376\377\000H\000e\000r\000a\000u\000s\000f\000o\000r\000d\000e\000r\000u\000n\000g\000e\000n\000\040\000b\000e\000i\000\040\000d\000e\000r\000\040\000M\000e\000s\000s\000u\000n\000g\000\040\000s\000u\000b\000j\000e\000k\000t\000i\000v\000e\000r\000\040\000E\000i\000n\000s\000c\000h\000\344\000t\000z\000u\000n\000g\000e\000n}{section.7.2}% 67
\BOOKMARK [2][-]{subsection.7.2.2}{\376\377\000M\000\366\000g\000l\000i\000c\000h\000e\000\040\000V\000e\000r\000z\000e\000r\000r\000u\000n\000g\000e\000n\000\040\000d\000u\000r\000c\000h\000\040\000S\000e\000l\000b\000s\000t\000a\000u\000s\000k\000u\000n\000f\000t}{section.7.2}% 68
\BOOKMARK [1][-]{section.7.3}{\376\377\000Z\000u\000k\000\374\000n\000f\000t\000i\000g\000e\000\040\000F\000o\000r\000s\000c\000h\000u\000n\000g\000s\000a\000n\000s\000\344\000t\000z\000e}{chapter.7}% 69
\BOOKMARK [2][-]{subsection.7.3.1}{\376\377\000W\000e\000i\000t\000e\000r\000e\000n\000t\000w\000i\000c\000k\000l\000u\000n\000g\000\040\000d\000e\000s\000\040\000F\000r\000a\000g\000e\000b\000o\000g\000e\000n\000s\000\040\000d\000u\000r\000c\000h\000\040\000M\000a\000c\000h\000i\000n\000e\000\040\000L\000e\000a\000r\000n\000i\000n\000g}{section.7.3}% 70
\BOOKMARK [2][-]{subsection.7.3.2}{\376\377\000A\000n\000w\000e\000n\000d\000u\000n\000g\000\040\000d\000e\000s\000\040\000M\000o\000d\000e\000l\000l\000s\000\040\000a\000u\000f\000\040\000a\000n\000d\000e\000r\000e\000\040\000I\000n\000n\000o\000v\000a\000t\000i\000o\000n\000s\000m\000e\000t\000h\000o\000d\000e\000n}{section.7.3}% 71
